21:22:57.433 karate.env system property was: null 
21:22:57.438 request:
1 > POST https://conduit.productionready.io/api/users/login
1 > Accept-Encoding: gzip,deflate
1 > Connection: Keep-Alive
1 > Content-Length: 58
1 > Content-Type: application/json; charset=UTF-8
1 > Host: conduit.productionready.io
1 > User-Agent: Apache-HttpClient/4.5.5 (Java/11.0.10)
{"user":{"email":"bolof@gmail.com","password":"Testtest"}}

21:22:57.903 response time in milliseconds: 463.26
1 < 200
1 < CF-Cache-Status: DYNAMIC
1 < CF-RAY: 62c10bb30e2efece-IAH
1 < Cache-Control: max-age=0, private, must-revalidate
1 < Connection: keep-alive
1 < Content-Type: application/json; charset=utf-8
1 < Date: Sun, 07 Mar 2021 04:22:57 GMT
1 < ETag: W/"3f4dcdfba5af4f149d42c84a30ebec9c"
1 < Expect-CT: max-age=604800, report-uri="https://report-uri.cloudflare.com/cdn-cgi/beacon/expect-ct"
1 < NEL: {"max_age":604800,"report_to":"cf-nel"}
1 < Report-To: {"endpoints":[{"url":"https:\/\/a.nel.cloudflare.com\/report?s=UJQMQ58km%2BR%2Ft2Wc6yidtOjBeSp3KVYqXld%2FsDND6mrg855M55M%2FYzEP5%2BQnBCMp0lw6GcEV4cLsuNRVXZ5DVAfFamUDL9wnFix2dySuiDVnIcJQJtEDIpZYRQ%3D%3D"}],"max_age":604800,"group":"cf-nel"}
1 < Server: cloudflare
1 < Set-Cookie: __cfduid=d12962fd7df3fb53da42d77b05e2004671615090977; expires=Tue, 06-Apr-21 04:22:57 GMT; path=/; domain=.productionready.io; HttpOnly; SameSite=Lax
1 < Status: 200 OK
1 < Transfer-Encoding: chunked
1 < Vary: Origin
1 < X-Content-Type-Options: nosniff
1 < X-Frame-Options: SAMEORIGIN
1 < X-Powered-By: Phusion Passenger 4.0.60
1 < X-Request-Id: 1ceb5730-2f28-44d9-8492-e72cda546ce3
1 < X-Runtime: 0.081047
1 < X-XSS-Protection: 1; mode=block
1 < cf-request-id: 08ac85a3e80000fece4fa62000000001
{"user":{"id":147541,"email":"bolof@gmail.com","createdAt":"2021-03-07T02:31:38.841Z","updatedAt":"2021-03-07T04:10:22.741Z","username":"bolof2000","bio":null,"image":null,"token":"eyJ0eXAiOiJKV1QiLCJhbGciOiJIUzI1NiJ9.eyJpZCI6MTQ3NTQxLCJ1c2VybmFtZSI6ImJvbG9mMjAwMCIsImV4cCI6MTYyMDI3NDk3N30.mHhoBB64wE-gDenkMgDrLRUUrgIxVUKOQppTRVRs2GA"}}

