21:30:09.549 karate.env system property was: null 
21:30:09.553 request:
1 > GET https://conduit.productionready.io/api/articles?limit=10&offset=0
1 > Accept-Encoding: gzip,deflate
1 > Connection: Keep-Alive
1 > Host: conduit.productionready.io
1 > User-Agent: Apache-HttpClient/4.5.5 (Java/11.0.10)

21:30:10.135 response time in milliseconds: 578.94
1 < 200
1 < CF-Cache-Status: DYNAMIC
1 < CF-RAY: 62c1163f4f933f78-ORD
1 < Cache-Control: max-age=0, private, must-revalidate
1 < Connection: keep-alive
1 < Content-Type: application/json; charset=utf-8
1 < Date: Sun, 07 Mar 2021 04:30:10 GMT
1 < ETag: W/"c97a78b89c3442dd5e7e12c28b2de2ba"
1 < Expect-CT: max-age=604800, report-uri="https://report-uri.cloudflare.com/cdn-cgi/beacon/expect-ct"
1 < NEL: {"max_age":604800,"report_to":"cf-nel"}
1 < Report-To: {"group":"cf-nel","endpoints":[{"url":"https:\/\/a.nel.cloudflare.com\/report?s=IgtkyPovtIWo%2BY%2BSupAeT0mT0iP0GMZKyQCI2E37CIZ7KSweTq01dlmWSQIfh%2BMVbNmK4r%2FKWVLJt%2FbI8Ks5HelCAbztvG9Sxog8jp8Z392SggLwms0BYi%2FANQ%3D%3D"}],"max_age":604800}
1 < Server: cloudflare
1 < Set-Cookie: __cfduid=d741617409d07adf16ca65c72d482d1441615091409; expires=Tue, 06-Apr-21 04:30:09 GMT; path=/; domain=.productionready.io; HttpOnly; SameSite=Lax
1 < Status: 200 OK
1 < Transfer-Encoding: chunked
1 < Vary: Origin
1 < X-Content-Type-Options: nosniff
1 < X-Frame-Options: SAMEORIGIN
1 < X-Powered-By: Phusion Passenger 4.0.60
1 < X-Request-Id: e1347aaa-65be-43e0-ad96-cf2a2978fe2d
1 < X-Runtime: 0.192031
1 < X-XSS-Protection: 1; mode=block
1 < cf-request-id: 08ac8c3b8e00003f7804972000000001
{"articles":[{"title":"from karate","slug":"from-karate-wpdq4x","body":"welcome to karate testing here ","createdAt":"2021-03-07T04:30:08.100Z","updatedAt":"2021-03-07T04:30:08.100Z","tagList":[],"description":"test this data creation from karate","author":{"username":"bolof2000","bio":null,"image":"https://static.productionready.io/images/smiley-cyrus.jpg","following":false},"favorited":false,"favoritesCount":0},{"title":"from karate","slug":"from-karate-dwf4ka","body":"welcome to karate testing here ","createdAt":"2021-03-07T04:22:53.961Z","updatedAt":"2021-03-07T04:22:53.961Z","tagList":[],"description":"test this data creation from karate","author":{"username":"bolof2000","bio":null,"image":"https://static.productionready.io/images/smiley-cyrus.jpg","following":false},"favorited":false,"favoritesCount":0},{"title":"from karate","slug":"from-karate-jvokke","body":"welcome to karate testing here ","createdAt":"2021-03-07T04:01:25.167Z","updatedAt":"2021-03-07T04:01:25.167Z","tagList":[],"description":"test this data creation from karate","author":{"username":"bolof2000","bio":null,"image":"https://static.productionready.io/images/smiley-cyrus.jpg","following":false},"favorited":false,"favoritesCount":0},{"title":"Article Title","slug":"article-title-ssxozd","body":"This is the text of my article!","createdAt":"2021-03-07T03:50:19.473Z","updatedAt":"2021-03-07T03:50:19.473Z","tagList":[],"description":"Article description","author":{"username":"ngConfEntCypress","bio":null,"image":"https://static.productionready.io/images/smiley-cyrus.jpg","following":false},"favorited":false,"favoritesCount":1},{"title":"from karate","slug":"from-karate-dl0u5b","body":"welcome to karate testing here ","createdAt":"2021-03-07T03:42:58.218Z","updatedAt":"2021-03-07T03:42:58.218Z","tagList":[],"description":"test this data creation from karate","author":{"username":"bolof2000","bio":null,"image":"https://static.productionready.io/images/smiley-cyrus.jpg","following":false},"favorited":false,"favoritesCount":1},{"title":"from karate","slug":"from-karate-thpq62","body":"welcome to karate testing here ","createdAt":"2021-03-07T03:39:09.344Z","updatedAt":"2021-03-07T03:39:09.344Z","tagList":[],"description":"test this data creation from karate","author":{"username":"bolof2000","bio":null,"image":"https://static.productionready.io/images/smiley-cyrus.jpg","following":false},"favorited":false,"favoritesCount":0},{"title":"XSS Test","slug":"xss-test-qsfwde","body":"\u003cscript\u003ealert(1)\u003c/script\u003e\n\n\u003cimg onerror=alert(1) src=1\u003e","createdAt":"2021-03-07T03:38:59.850Z","updatedAt":"2021-03-07T03:38:59.850Z","tagList":[],"description":"\u003cscript\u003ealert(1)\u003c/script\u003e","author":{"username":"mutoe","bio":"aaa22","image":"https://static.productionready.io/images/smiley-cyrus.jpg","following":false},"favorited":false,"favoritesCount":0},{"title":"from karate","slug":"from-karate-vxr05","body":"welcome to karate testing here ","createdAt":"2021-03-07T03:35:33.003Z","updatedAt":"2021-03-07T03:35:33.003Z","tagList":[],"description":"test this data creation from karate","author":{"username":"bolof2000","bio":null,"image":"https://static.productionready.io/images/smiley-cyrus.jpg","following":false},"favorited":false,"favoritesCount":0},{"title":"from karate","slug":"from-karate-afurxv","body":"welcome to karate testing here ","createdAt":"2021-03-07T03:27:57.957Z","updatedAt":"2021-03-07T03:27:57.957Z","tagList":[],"description":"test this data creation from karate","author":{"username":"bolof2000","bio":null,"image":"https://static.productionready.io/images/smiley-cyrus.jpg","following":false},"favorited":false,"favoritesCount":0},{"title":"from karate","slug":"from-karate-apkp8s","body":"welcome to karate testing here ","createdAt":"2021-03-07T03:26:00.910Z","updatedAt":"2021-03-07T03:26:00.910Z","tagList":[],"description":"test this data creation from karate","author":{"username":"bolof2000","bio":null,"image":"https://static.productionready.io/images/smiley-cyrus.jpg","following":false},"favorited":false,"favoritesCount":1}],"articlesCount":500}



