21:01:23.703 karate.env system property was: null 
21:01:23.965 request:
1 > POST https://conduit.productionready.io/api/users/login
1 > Accept-Encoding: gzip,deflate
1 > Connection: Keep-Alive
1 > Content-Length: 60
1 > Content-Type: application/json; charset=UTF-8
1 > Host: conduit.productionready.io
1 > User-Agent: Apache-HttpClient/4.5.5 (Java/11.0.10)
{"user":{"email":"bolof@gmail.com","password":"Dammy2k100"}}

21:01:24.648 response time in milliseconds: 681.06
1 < 200
1 < CF-Cache-Status: DYNAMIC
1 < CF-RAY: 62c0ec1f5cae0368-ORD
1 < Cache-Control: max-age=0, private, must-revalidate
1 < Connection: keep-alive
1 < Content-Type: application/json; charset=utf-8
1 < Date: Sun, 07 Mar 2021 04:01:24 GMT
1 < ETag: W/"1c78ac98b6c4cb9ba2b21411b5fde66b"
1 < Expect-CT: max-age=604800, report-uri="https://report-uri.cloudflare.com/cdn-cgi/beacon/expect-ct"
1 < NEL: {"max_age":604800,"report_to":"cf-nel"}
1 < Report-To: {"endpoints":[{"url":"https:\/\/a.nel.cloudflare.com\/report?s=MKQ7PNPHXgbVzxw0wsrtNsV1tN8KqBKUu0WvJy%2FUOW%2Fucump9K6cNXFplp1dec1BMD4JQaVb5YqUTjTHXjjHakIaLEti40NYQ7JtMMI951f0e7vkUAj9kJVubA%3D%3D"}],"max_age":604800,"group":"cf-nel"}
1 < Server: cloudflare
1 < Set-Cookie: __cfduid=def5c87c7aa27865fb5d90faaf126f2ae1615089684; expires=Tue, 06-Apr-21 04:01:24 GMT; path=/; domain=.productionready.io; HttpOnly; SameSite=Lax
1 < Status: 200 OK
1 < Vary: Origin
1 < X-Content-Type-Options: nosniff
1 < X-Frame-Options: SAMEORIGIN
1 < X-Powered-By: Phusion Passenger 4.0.60
1 < X-Request-Id: 6be6411a-3ff0-4c6b-a8ad-289a09818deb
1 < X-Runtime: 0.082844
1 < X-XSS-Protection: 1; mode=block
1 < cf-request-id: 08ac71e79a0000036846283000000001
{"user":{"id":147541,"email":"bolof@gmail.com","createdAt":"2021-03-07T02:31:38.841Z","updatedAt":"2021-03-07T02:31:38.847Z","username":"bolof2000","bio":null,"image":null,"token":"eyJ0eXAiOiJKV1QiLCJhbGciOiJIUzI1NiJ9.eyJpZCI6MTQ3NTQxLCJ1c2VybmFtZSI6ImJvbG9mMjAwMCIsImV4cCI6MTYyMDI3MzY4NH0.h5sT-zEIIictxrEEJBUnO2KeiSLMOlaH87571M9NRCA"}}

21:01:24.665 request:
2 > POST https://conduit.productionready.io/api/articles
2 > Accept-Encoding: gzip,deflate
2 > Authorization: Token eyJ0eXAiOiJKV1QiLCJhbGciOiJIUzI1NiJ9.eyJpZCI6MTQ3NTQxLCJ1c2VybmFtZSI6ImJvbG9mMjAwMCIsImV4cCI6MTYyMDI3MzY4NH0.h5sT-zEIIictxrEEJBUnO2KeiSLMOlaH87571M9NRCA
2 > Connection: Keep-Alive
2 > Content-Length: 141
2 > Content-Type: application/json; charset=UTF-8
2 > Cookie: __cfduid=def5c87c7aa27865fb5d90faaf126f2ae1615089684
2 > Host: conduit.productionready.io
2 > User-Agent: Apache-HttpClient/4.5.5 (Java/11.0.10)
{"article":{"tagList":[],"title":"from karate","description":"test this data creation from karate","body":"welcome to karate testing here "}}

21:01:25.130 response time in milliseconds: 463.71
2 < 200
2 < CF-Cache-Status: DYNAMIC
2 < CF-RAY: 62c0ec22ac99036c-ORD
2 < Cache-Control: max-age=0, private, must-revalidate
2 < Connection: keep-alive
2 < Content-Type: application/json; charset=utf-8
2 < Date: Sun, 07 Mar 2021 04:01:25 GMT
2 < ETag: W/"ac36d6b739fad19437f1608d96e0233d"
2 < Expect-CT: max-age=604800, report-uri="https://report-uri.cloudflare.com/cdn-cgi/beacon/expect-ct"
2 < NEL: {"report_to":"cf-nel","max_age":604800}
2 < Report-To: {"max_age":604800,"group":"cf-nel","endpoints":[{"url":"https:\/\/a.nel.cloudflare.com\/report?s=15EWxqHEubANb0iujpQ4LmpqueugsN4Puh9Lna7WcXgZBngJma7VJNCRP8HVp1sebaBgU5MXeeLgHsxq3XfKHoU0pjsNGuS9dgYbbuDB%2B4AW1pE%2BXqUPc34yRg%3D%3D"}]}
2 < Server: cloudflare
2 < Status: 200 OK
2 < Vary: Origin
2 < X-Content-Type-Options: nosniff
2 < X-Frame-Options: SAMEORIGIN
2 < X-Powered-By: Phusion Passenger 4.0.60
2 < X-Request-Id: 230860bb-80b1-4ae0-89b0-569742a79f9a
2 < X-Runtime: 0.154232
2 < X-XSS-Protection: 1; mode=block
2 < cf-request-id: 08ac71e9aa0000036c7b31c000000001
{"article":{"title":"from karate","slug":"from-karate-jvokke","body":"welcome to karate testing here ","createdAt":"2021-03-07T04:01:25.167Z","updatedAt":"2021-03-07T04:01:25.167Z","tagList":[],"description":"test this data creation from karate","author":{"username":"bolof2000","bio":null,"image":"https://static.productionready.io/images/smiley-cyrus.jpg","following":false},"favorited":false,"favoritesCount":0}}

